nohup: ignoring input
No error handlers are registered, logging exception.
Traceback (most recent call last):
  File "/home/openhands/.local/lib/python3.13/site-packages/telegram/ext/_application.py", line 1315, in process_update
    await coroutine
  File "/home/openhands/.local/lib/python3.13/site-packages/telegram/ext/_handlers/basehandler.py", line 159, in handle_update
    return await self.callback(update, context)
           ^^^^^^^^^^^^^^^^^^^^^^^^^^^^^^^^^^^^
  File "/workspace/project/bot/handlers/card.py", line 114, in handle_card_callback
    await start_contact_creation(update, context, lead_id)
  File "/workspace/project/bot/handlers/contact.py", line 62, in start_contact_creation
    await update.message.reply_text(
          ^^^^^^^^^^^^^^^^^^^^^^^^^
AttributeError: 'NoneType' object has no attribute 'reply_text'
No error handlers are registered, logging exception.
Traceback (most recent call last):
  File "/home/openhands/.local/lib/python3.13/site-packages/telegram/ext/_application.py", line 1315, in process_update
    await coroutine
  File "/home/openhands/.local/lib/python3.13/site-packages/telegram/ext/_handlers/basehandler.py", line 159, in handle_update
    return await self.callback(update, context)
           ^^^^^^^^^^^^^^^^^^^^^^^^^^^^^^^^^^^^
  File "/workspace/project/bot/handlers/card.py", line 114, in handle_card_callback
    await start_contact_creation(update, context, lead_id)
  File "/workspace/project/bot/handlers/contact.py", line 62, in start_contact_creation
    await update.message.reply_text(
          ^^^^^^^^^^^^^^^^^^^^^^^^^
AttributeError: 'NoneType' object has no attribute 'reply_text'
No error handlers are registered, logging exception.
Traceback (most recent call last):
  File "/home/openhands/.local/lib/python3.13/site-packages/telegram/ext/_application.py", line 1315, in process_update
    await coroutine
  File "/home/openhands/.local/lib/python3.13/site-packages/telegram/ext/_handlers/basehandler.py", line 159, in handle_update
    return await self.callback(update, context)
           ^^^^^^^^^^^^^^^^^^^^^^^^^^^^^^^^^^^^
  File "/workspace/project/bot/handlers/card.py", line 119, in handle_card_callback
    await start_task_creation(update, context, lead_id)
  File "/workspace/project/bot/handlers/task.py", line 48, in start_task_creation
    await update.message.reply_text(
          ^^^^^^^^^^^^^^^^^^^^^^^^^
AttributeError: 'NoneType' object has no attribute 'reply_text'
